<?xml version="1.0" encoding="UTF-8"?>
<testsuite xmlns:xsi="http://www.w3.org/2001/XMLSchema-instance" xsi:noNamespaceSchemaLocation="https://maven.apache.org/surefire/maven-surefire-plugin/xsd/surefire-test-report-3.0.xsd" version="3.0" name="com.example.javagrpcdemo.JavaGrpcDemoApplicationTests" time="2.865" tests="1" errors="0" skipped="0" failures="0">
  <properties>
[...]
</properties>
  <testcase name="contextLoads" classname="com.example.javagrpcdemo.JavaGrpcDemoApplicationTests" time="0.924">
    <system-out><![CDATA[14:06:45.365 [main] INFO org.springframework.test.context.support.AnnotationConfigContextLoaderUtils -- Could not detect default configuration classes for test class [com.example.javagrpcdemo.JavaGrpcDemoApplicationTests]: JavaGrpcDemoApplicationTests does not declare any static, non-private, non-final, nested classes annotated with @Configuration.
14:06:45.490 [main] INFO org.springframework.boot.test.context.SpringBootTestContextBootstrapper -- Found @SpringBootConfiguration com.example.javagrpcdemo.JavaGrpcDemoApplication for test class com.example.javagrpcdemo.JavaGrpcDemoApplicationTests

  .   ____          _            __ _ _
 /\\ / ___'_ __ _ _(_)_ __  __ _ \ \ \ \
( ( )\___ | '_ | '_| | '_ \/ _` | \ \ \ \
 \\/  ___)| |_)| | | | | || (_| |  ) ) ) )
  '  |____| .__|_| |_|_| |_\__, | / / / /
 =========|_|==============|___/=/_/_/_/
 :: Spring Boot ::                (v3.2.0)

2024-02-28T14:06:46.061+08:00  INFO 4408 --- [           main] c.e.j.JavaGrpcDemoApplicationTests       : Starting JavaGrpcDemoApplicationTests using Java 17.0.8 with PID 4408 (started by Administrator in D:\java_work\java-grpc-demo\greeting-service)
2024-02-28T14:06:46.062+08:00  INFO 4408 --- [           main] c.e.j.JavaGrpcDemoApplicationTests       : No active profile set, falling back to 1 default profile: "default"
2024-02-28T14:06:46.603+08:00  INFO 4408 --- [           main] g.s.a.GrpcServerFactoryAutoConfiguration : Detected grpc-netty-shaded: Creating ShadedNettyGrpcServerFactory
2024-02-28T14:06:46.983+08:00  INFO 4408 --- [           main] n.d.b.g.s.s.AbstractGrpcServerFactory    : Registered gRPC service: com.example.GreetingService, bean: greetingServiceImpl, class: com.example.javagrpcdemo.GreetingServiceImpl
2024-02-28T14:06:46.983+08:00  INFO 4408 --- [           main] n.d.b.g.s.s.AbstractGrpcServerFactory    : Registered gRPC service: grpc.health.v1.Health, bean: grpcHealthService, class: io.grpc.protobuf.services.HealthServiceImpl
2024-02-28T14:06:46.983+08:00  INFO 4408 --- [           main] n.d.b.g.s.s.AbstractGrpcServerFactory    : Registered gRPC service: grpc.reflection.v1alpha.ServerReflection, bean: protoReflectionService, class: io.grpc.protobuf.services.ProtoReflectionService
2024-02-28T14:06:47.117+08:00  INFO 4408 --- [           main] n.d.b.g.s.s.GrpcServerLifecycle          : gRPC Server started, listening on address: *, port: 8081
2024-02-28T14:06:47.130+08:00  INFO 4408 --- [           main] c.e.j.JavaGrpcDemoApplicationTests       : Started JavaGrpcDemoApplicationTests in 1.44 seconds (process running for 2.5)
]]></system-out>
  </testcase>
</testsuite>